<?xml version="1.0" encoding="UTF-8"?>
<testsuite name="JUnit Jupiter" tests="4" skipped="3" failures="0" errors="0" time="0.806" hostname="DESKTOP-6S6EUQ6" timestamp="2025-03-04T15:45:18">
<properties>
[...]
</properties>
<testcase name="testValidateVehicleRequestWithEmptyList()" classname="com.trackswiftly.vehicle_service.test.EntityValidatorTest" time="0">
<skipped><![CDATA[parent was skipped: System property [org.graalvm.nativeimage.imagecode] with value [runtime] matches regular expression [.+] ==> Currently executing within a GraalVM native image]]></skipped>
<system-out><![CDATA[
unique-id: [engine:junit-jupiter]/[class:com.trackswiftly.vehicle_service.test.EntityValidatorTest]/[method:testValidateVehicleRequestWithEmptyList()]
display-name: testValidateVehicleRequestWithEmptyList()
]]></system-out>
</testcase>
<testcase name="testValidateVehicleRequestWithNonExistentEntity()" classname="com.trackswiftly.vehicle_service.test.EntityValidatorTest" time="0">
<skipped><![CDATA[parent was skipped: System property [org.graalvm.nativeimage.imagecode] with value [runtime] matches regular expression [.+] ==> Currently executing within a GraalVM native image]]></skipped>
<system-out><![CDATA[
unique-id: [engine:junit-jupiter]/[class:com.trackswiftly.vehicle_service.test.EntityValidatorTest]/[method:testValidateVehicleRequestWithNonExistentEntity()]
display-name: testValidateVehicleRequestWithNonExistentEntity()
]]></system-out>
</testcase>
<testcase name="testGeneratedQueryContainsTenantId()" classname="com.trackswiftly.vehicle_service.integration.MultiTenantQueryTest" time="0.042">
<system-out><![CDATA[
unique-id: [engine:junit-jupiter]/[class:com.trackswiftly.vehicle_service.integration.MultiTenantQueryTest]/[method:testGeneratedQueryContainsTenantId()]
display-name: testGeneratedQueryContainsTenantId()
]]></system-out>
</testcase>
<testcase name="testValidateVehicleRequestWithValidIds()" classname="com.trackswiftly.vehicle_service.test.EntityValidatorTest" time="0">
<skipped><![CDATA[parent was skipped: System property [org.graalvm.nativeimage.imagecode] with value [runtime] matches regular expression [.+] ==> Currently executing within a GraalVM native image]]></skipped>
<system-out><![CDATA[
unique-id: [engine:junit-jupiter]/[class:com.trackswiftly.vehicle_service.test.EntityValidatorTest]/[method:testValidateVehicleRequestWithValidIds()]
display-name: testValidateVehicleRequestWithValidIds()
]]></system-out>
</testcase>
<system-out><![CDATA[
unique-id: [engine:junit-jupiter]
display-name: JUnit Jupiter
]]></system-out>
</testsuite>
